{
  "RSpec": {
    "coverage": {
      "/Users/gradyshelton/Desktop/went-to-bali-mwahaha/spec/features/ajax_pages_spec.rb": [
        1,
        1,
        1,
        null,
        1,
        1,
        1,
        1,
        1,
        1,
        1,
        1,
        1,
        1,
        1,
        null,
        null,
        1,
        1,
        1,
        1,
        1,
        1,
        1,
        1,
        1,
        1,
        1,
        1,
        1,
        1,
        1,
        1,
        null,
        null,
        1,
        1,
        1,
        1,
        1,
        1,
        1,
        1,
        1,
        1,
        1,
        1,
        1,
        1,
        1,
        1,
        null,
        null,
        1,
        1,
        1,
        1,
        1,
        1,
        1,
        1,
        1,
        1,
        1,
        1,
        1,
        1,
        1,
        1,
        1,
        1,
        1,
        1,
        null,
        null
      ],
      "/Users/gradyshelton/Desktop/went-to-bali-mwahaha/spec/rails_helper.rb": [
        null,
        1,
        1,
        1,
        null,
        1,
        1,
        null,
        null,
        null,
        null,
        null,
        null,
        null,
        null,
        null,
        null,
        null,
        null,
        null,
        null,
        null,
        null,
        null,
        null,
        null,
        1,
        null,
        1,
        null,
        1,
        null,
        null,
        null,
        null,
        null,
        null,
        1,
        1,
        null,
        null,
        1,
        22,
        22,
        null,
        null,
        null,
        1,
        22,
        null,
        null,
        null,
        null,
        null,
        null,
        null,
        null,
        null,
        null,
        null,
        null,
        null,
        null,
        null,
        1,
        null,
        null,
        1,
        null,
        null,
        null,
        1,
        1,
        1,
        1,
        null,
        null
      ],
      "/Users/gradyshelton/Desktop/went-to-bali-mwahaha/config/environment.rb": [
        null,
        1,
        null,
        null,
        1
      ],
      "/Users/gradyshelton/Desktop/went-to-bali-mwahaha/config/application.rb": [
        1,
        null,
        1,
        null,
        1,
        1,
        1,
        1,
        1,
        1,
        1,
        1,
        null,
        null,
        null,
        null,
        1,
        null,
        1,
        1,
        null,
        null,
        null,
        null,
        null
      ],
      "/Users/gradyshelton/Desktop/went-to-bali-mwahaha/config/boot.rb": [
        1,
        null,
        1
      ],
      "/Users/gradyshelton/Desktop/went-to-bali-mwahaha/config/environments/test.rb": [
        1,
        null,
        null,
        null,
        null,
        null,
        null,
        1,
        null,
        null,
        null,
        null,
        1,
        null,
        null,
        1,
        1,
        null,
        null,
        null,
        1,
        null,
        null,
        1,
        1,
        null,
        null,
        1,
        null,
        null,
        1,
        1,
        null,
        null,
        null,
        null,
        1,
        null,
        null,
        1,
        null,
        null,
        null,
        null
      ],
      "/Users/gradyshelton/Desktop/went-to-bali-mwahaha/config/initializers/application_controller_renderer.rb": [
        null,
        null,
        null,
        null,
        null,
        null
      ],
      "/Users/gradyshelton/Desktop/went-to-bali-mwahaha/config/initializers/assets.rb": [
        null,
        null,
        null,
        1,
        null,
        null,
        null,
        null,
        null,
        null,
        null
      ],
      "/Users/gradyshelton/Desktop/went-to-bali-mwahaha/config/initializers/backtrace_silencers.rb": [
        null,
        null,
        null,
        null,
        null,
        null,
        null
      ],
      "/Users/gradyshelton/Desktop/went-to-bali-mwahaha/config/initializers/cookies_serializer.rb": [
        null,
        null,
        null,
        null,
        1
      ],
      "/Users/gradyshelton/Desktop/went-to-bali-mwahaha/config/initializers/filter_parameter_logging.rb": [
        null,
        null,
        null,
        1
      ],
      "/Users/gradyshelton/Desktop/went-to-bali-mwahaha/config/initializers/inflections.rb": [
        null,
        null,
        null,
        null,
        null,
        null,
        null,
        null,
        null,
        null,
        null,
        null,
        null,
        null,
        null,
        null
      ],
      "/Users/gradyshelton/Desktop/went-to-bali-mwahaha/config/initializers/mime_types.rb": [
        null,
        null,
        null,
        null
      ],
      "/Users/gradyshelton/Desktop/went-to-bali-mwahaha/config/initializers/new_framework_defaults.rb": [
        null,
        null,
        null,
        null,
        null,
        null,
        null,
        1,
        null,
        null,
        1,
        null,
        null,
        null,
        1,
        null,
        null,
        1,
        null,
        null,
        1,
        null,
        null,
        1
      ],
      "/Users/gradyshelton/Desktop/went-to-bali-mwahaha/config/initializers/rails_admin.rb": [
        1,
        1,
        null,
        null,
        null,
        null,
        null,
        null,
        null,
        null,
        null,
        null,
        null,
        null,
        null,
        null,
        null,
        null,
        null,
        null,
        null,
        null,
        null,
        null,
        null,
        null,
        null,
        null,
        null,
        null,
        null,
        null,
        null,
        null,
        null,
        1,
        1,
        1,
        1,
        1,
        1,
        1,
        1,
        1,
        1,
        null,
        null,
        null,
        null,
        null,
        null
      ],
      "/Users/gradyshelton/Desktop/went-to-bali-mwahaha/config/initializers/session_store.rb": [
        null,
        null,
        1
      ],
      "/Users/gradyshelton/Desktop/went-to-bali-mwahaha/config/initializers/wrap_parameters.rb": [
        null,
        null,
        null,
        null,
        null,
        null,
        1,
        2,
        null,
        null,
        null,
        null,
        null,
        null
      ],
      "/Users/gradyshelton/Desktop/went-to-bali-mwahaha/spec/factories.rb": [
        null,
        1,
        1,
        1,
        1,
        1,
        1,
        1,
        null,
        null,
        1,
        1,
        1,
        1,
        null,
        null,
        1,
        1,
        1,
        1,
        1,
        null,
        null,
        1,
        1,
        1,
        1,
        1,
        null,
        null
      ],
      "/Users/gradyshelton/Desktop/went-to-bali-mwahaha/config/routes.rb": [
        1,
        null,
        1,
        1,
        null,
        null,
        1,
        1,
        null,
        1,
        1,
        1,
        null,
        1,
        1,
        1,
        null,
        1,
        null,
        null
      ],
      "/Users/gradyshelton/Desktop/went-to-bali-mwahaha/app/helpers/application_helper.rb": [
        1,
        null
      ],
      "/Users/gradyshelton/Desktop/went-to-bali-mwahaha/app/helpers/cart_helper.rb": [
        1,
        1,
        39,
        null,
        null
      ],
      "/Users/gradyshelton/Desktop/went-to-bali-mwahaha/spec/features/cart_pages_spec.rb": [
        1,
        1,
        1,
        null,
        1,
        1,
        1,
        1,
        1,
        1,
        1,
        1,
        1,
        1,
        1,
        1,
        1,
        1,
        1,
        1,
        1,
        1,
        1,
        1,
        null,
        null,
        1,
        1,
        1,
        1,
        1,
        1,
        1,
        1,
        null,
        null
      ],
      "/Users/gradyshelton/Desktop/went-to-bali-mwahaha/spec/features/product_pages_spec.rb": [
        1,
        1,
        1,
        null,
        1,
        1,
        1,
        1,
        1,
        1,
        1,
        1,
        1,
        1,
        1,
        1,
        1,
        1,
        1,
        null,
        null
      ],
      "/Users/gradyshelton/Desktop/went-to-bali-mwahaha/spec/features/sign_in_pages_spec.rb": [
        1,
        1,
        1,
        null,
        1,
        1,
        1,
        1,
        1,
        1,
        1,
        1,
        1,
        null,
        null,
        1,
        1,
        1,
        1,
        1,
        1,
        1,
        1,
        1,
        null,
        null
      ],
      "/Users/gradyshelton/Desktop/went-to-bali-mwahaha/spec/models/order_item_spec.rb": [
        1,
        null,
        1,
        2,
        2,
        null
      ],
      "/Users/gradyshelton/Desktop/went-to-bali-mwahaha/app/models/order_item.rb": [
        1,
        1,
        1,
        null
      ],
      "/Users/gradyshelton/Desktop/went-to-bali-mwahaha/app/models/application_record.rb": [
        1,
        1,
        null
      ],
      "/Users/gradyshelton/Desktop/went-to-bali-mwahaha/spec/models/order_spec.rb": [
        1,
        null,
        1,
        2,
        null
      ],
      "/Users/gradyshelton/Desktop/went-to-bali-mwahaha/app/models/order.rb": [
        1,
        1,
        1,
        null,
        1,
        null,
        1,
        11,
        null,
        null,
        1,
        1,
        1,
        1,
        null,
        null,
        1,
        0,
        0,
        null,
        null,
        null
      ],
      "/Users/gradyshelton/Desktop/went-to-bali-mwahaha/spec/models/product_spec.rb": [
        1,
        null,
        1,
        2,
        2,
        2,
        2,
        2,
        null
      ],
      "/Users/gradyshelton/Desktop/went-to-bali-mwahaha/app/models/product.rb": [
        1,
        1,
        1,
        null
      ],
      "/Users/gradyshelton/Desktop/went-to-bali-mwahaha/spec/models/user_spec.rb": [
        1,
        null,
        1,
        2,
        2,
        2,
        2,
        2,
        null
      ],
      "/Users/gradyshelton/Desktop/went-to-bali-mwahaha/app/models/user.rb": [
        1,
        1,
        1,
        1,
        1,
        1,
        1,
        1,
        null,
        1,
        4,
        null,
        null
      ],
      "/Users/gradyshelton/Desktop/went-to-bali-mwahaha/app/controllers/sessions_controller.rb": [
        1,
        null,
        1,
        null,
        null,
        1,
        8,
        8,
        8,
        8,
        8,
        null,
        0,
        null,
        null,
        null,
        1,
        1,
        1,
        1,
        null,
        null,
        null
      ],
      "/Users/gradyshelton/Desktop/went-to-bali-mwahaha/app/controllers/application_controller.rb": [
        1,
        1,
        1,
        1,
        1,
        null,
        null,
        1,
        166,
        null,
        null,
        1,
        20,
        null,
        null,
        1,
        68,
        null,
        null,
        1,
        10,
        10,
        null,
        null
      ],
      "/Users/gradyshelton/Desktop/went-to-bali-mwahaha/app/controllers/products_controller.rb": [
        1,
        1,
        null,
        1,
        15,
        15,
        null,
        null,
        1,
        5,
        null,
        null,
        1,
        5,
        5,
        5,
        5,
        null,
        0,
        null,
        null,
        null,
        1,
        null,
        1,
        1,
        1,
        1,
        null,
        null,
        null,
        1,
        1,
        5,
        null,
        null
      ],
      "/Users/gradyshelton/Desktop/went-to-bali-mwahaha/app/controllers/order_items_controller.rb": [
        1,
        null,
        1,
        4,
        4,
        4,
        4,
        4,
        5,
        4,
        null,
        null,
        null,
        1,
        0,
        0,
        0,
        0,
        null,
        null,
        1,
        1,
        1,
        1,
        1,
        1,
        1,
        1,
        null,
        null,
        null,
        1,
        null,
        1,
        4,
        null,
        null
      ],
      "/Users/gradyshelton/Desktop/went-to-bali-mwahaha/app/controllers/carts_controller.rb": [
        1,
        null,
        1,
        5,
        4,
        null,
        5,
        null,
        null,
        1,
        2,
        1,
        1,
        1,
        null,
        1,
        1,
        null,
        null,
        null,
        null
      ]
    },
    "timestamp": 1500078434
  }
}
